Determining if the pthread_create exist failed with the following output:
Change Dir: /home/shubo/Desktop/Blind_Localization/sangi1.0/Remote_System/remote_ws/build/CMakeFiles/CMakeTmp

Run Build Command:/usr/bin/make "cmTryCompileExec3425526667/fast"
/usr/bin/make -f CMakeFiles/cmTryCompileExec3425526667.dir/build.make CMakeFiles/cmTryCompileExec3425526667.dir/build
make[1]: Entering directory `/home/shubo/Desktop/Blind_Localization/sangi1.0/Remote_System/remote_ws/build/CMakeFiles/CMakeTmp'
/usr/bin/cmake -E cmake_progress_report /home/shubo/Desktop/Blind_Localization/sangi1.0/Remote_System/remote_ws/build/CMakeFiles/CMakeTmp/CMakeFiles 1
Building C object CMakeFiles/cmTryCompileExec3425526667.dir/CheckSymbolExists.c.o
/usr/bin/cc    -o CMakeFiles/cmTryCompileExec3425526667.dir/CheckSymbolExists.c.o   -c /home/shubo/Desktop/Blind_Localization/sangi1.0/Remote_System/remote_ws/build/CMakeFiles/CMakeTmp/CheckSymbolExists.c
Linking C executable cmTryCompileExec3425526667
/usr/bin/cmake -E cmake_link_script CMakeFiles/cmTryCompileExec3425526667.dir/link.txt --verbose=1
/usr/bin/cc       CMakeFiles/cmTryCompileExec3425526667.dir/CheckSymbolExists.c.o  -o cmTryCompileExec3425526667 -rdynamic 
CMakeFiles/cmTryCompileExec3425526667.dir/CheckSymbolExists.c.o: In function `main':
CheckSymbolExists.c:(.text+0x16): undefined reference to `pthread_create'
collect2: error: ld returned 1 exit status
make[1]: *** [cmTryCompileExec3425526667] Error 1
make[1]: Leaving directory `/home/shubo/Desktop/Blind_Localization/sangi1.0/Remote_System/remote_ws/build/CMakeFiles/CMakeTmp'
make: *** [cmTryCompileExec3425526667/fast] Error 2

File /home/shubo/Desktop/Blind_Localization/sangi1.0/Remote_System/remote_ws/build/CMakeFiles/CMakeTmp/CheckSymbolExists.c:
/* */
#include <pthread.h>

int main(int argc, char** argv)
{
  (void)argv;
#ifndef pthread_create
  return ((int*)(&pthread_create))[argc];
#else
  (void)argc;
  return 0;
#endif
}

Determining if the function pthread_create exists in the pthreads failed with the following output:
Change Dir: /home/shubo/Desktop/Blind_Localization/sangi1.0/Remote_System/remote_ws/build/CMakeFiles/CMakeTmp

Run Build Command:/usr/bin/make "cmTryCompileExec3975325688/fast"
/usr/bin/make -f CMakeFiles/cmTryCompileExec3975325688.dir/build.make CMakeFiles/cmTryCompileExec3975325688.dir/build
make[1]: Entering directory `/home/shubo/Desktop/Blind_Localization/sangi1.0/Remote_System/remote_ws/build/CMakeFiles/CMakeTmp'
/usr/bin/cmake -E cmake_progress_report /home/shubo/Desktop/Blind_Localization/sangi1.0/Remote_System/remote_ws/build/CMakeFiles/CMakeTmp/CMakeFiles 1
Building C object CMakeFiles/cmTryCompileExec3975325688.dir/CheckFunctionExists.c.o
/usr/bin/cc   -DCHECK_FUNCTION_EXISTS=pthread_create   -o CMakeFiles/cmTryCompileExec3975325688.dir/CheckFunctionExists.c.o   -c /usr/share/cmake-2.8/Modules/CheckFunctionExists.c
Linking C executable cmTryCompileExec3975325688
/usr/bin/cmake -E cmake_link_script CMakeFiles/cmTryCompileExec3975325688.dir/link.txt --verbose=1
/usr/bin/cc   -DCHECK_FUNCTION_EXISTS=pthread_create    CMakeFiles/cmTryCompileExec3975325688.dir/CheckFunctionExists.c.o  -o cmTryCompileExec3975325688 -rdynamic -lpthreads 
/usr/bin/ld: cannot find -lpthreads
collect2: error: ld returned 1 exit status
make[1]: *** [cmTryCompileExec3975325688] Error 1
make[1]: Leaving directory `/home/shubo/Desktop/Blind_Localization/sangi1.0/Remote_System/remote_ws/build/CMakeFiles/CMakeTmp'
make: *** [cmTryCompileExec3975325688/fast] Error 2


